# JRE version: OpenJDK Runtime Environment (11.0.11+9) (build 11.0.11+9-b60-7590822)
# Java VM: OpenJDK 64-Bit Server VM (11.0.11+9-b60-7590822, mixed mode, tiered, compressed oops, g1 gc, windows-amd64)
Heap:
 garbage-first heap   total 1144832K, used 283868K [0x0000000080000000, 0x0000000100000000)
  region size 1024K, 10 young (10240K), 10 survivors (10240K)
 Metaspace       used 160025K, capacity 164539K, committed 164644K, reserved 1193984K
  class space    used 19401K, capacity 21037K, committed 21120K, reserved 1048576K
GC Heap History (20 events):
Event: 342.842 GC heap after
{Heap after GC invocations=248 (full 0):
 garbage-first heap   total 509952K, used 209548K [0x0000000080000000, 0x0000000100000000)
  region size 1024K, 4 young (4096K), 4 survivors (4096K)
 Metaspace       used 158904K, capacity 163248K, committed 163492K, reserved 1191936K
  class space    used 19314K, capacity 20911K, committed 20992K, reserved 1048576K
}
Event: 350.101 GC heap before
{Heap before GC invocations=248 (full 0):
 garbage-first heap   total 509952K, used 366220K [0x0000000080000000, 0x0000000100000000)
  region size 1024K, 156 young (159744K), 4 survivors (4096K)
 Metaspace       used 159651K, capacity 164166K, committed 164388K, reserved 1191936K
  class space    used 19373K, capacity 21008K, committed 21120K, reserved 1048576K
}
Event: 350.130 GC heap after
{Heap after GC invocations=249 (full 0):
 garbage-first heap   total 509952K, used 221729K [0x0000000080000000, 0x0000000100000000)
  region size 1024K, 16 young (16384K), 16 survivors (16384K)
 Metaspace       used 159651K, capacity 164166K, committed 164388K, reserved 1191936K
  class space    used 19373K, capacity 21008K, committed 21120K, reserved 1048576K
}
Event: 351.190 GC heap before
{Heap before GC invocations=249 (full 0):
 garbage-first heap   total 509952K, used 382497K [0x0000000080000000, 0x0000000100000000)
  region size 1024K, 174 young (178176K), 16 survivors (16384K)
 Metaspace       used 159780K, capacity 164352K, committed 164644K, reserved 1193984K
  class space    used 19389K, capacity 21023K, committed 21120K, reserved 1048576K
}
Event: 351.508 GC heap after
{Heap after GC invocations=250 (full 0):
 garbage-first heap   total 509952K, used 230883K [0x0000000080000000, 0x0000000100000000)
  region size 1024K, 14 young (14336K), 14 survivors (14336K)
 Metaspace       used 159780K, capacity 164352K, committed 164644K, reserved 1193984K
  class space    used 19389K, capacity 21023K, committed 21120K, reserved 1048576K
}
Event: 351.838 GC heap before
{Heap before GC invocations=250 (full 0):
 garbage-first heap   total 509952K, used 311779K [0x0000000080000000, 0x0000000100000000)
  region size 1024K, 94 young (96256K), 14 survivors (14336K)
 Metaspace       used 159795K, capacity 164352K, committed 164644K, reserved 1193984K
  class space    used 19389K, capacity 21023K, committed 21120K, reserved 1048576K
}
Event: 351.860 GC heap after
{Heap after GC invocations=251 (full 0):
 garbage-first heap   total 509952K, used 231820K [0x0000000080000000, 0x0000000100000000)
  region size 1024K, 3 young (3072K), 3 survivors (3072K)
 Metaspace       used 159795K, capacity 164352K, committed 164644K, reserved 1193984K
  class space    used 19389K, capacity 21023K, committed 21120K, reserved 1048576K
}
Event: 352.238 GC heap before
{Heap before GC invocations=251 (full 0):
 garbage-first heap   total 509952K, used 371084K [0x0000000080000000, 0x0000000100000000)
  region size 1024K, 139 young (142336K), 3 survivors (3072K)
 Metaspace       used 159839K, capacity 164377K, committed 164644K, reserved 1193984K
  class space    used 19394K, capacity 21032K, committed 21120K, reserved 1048576K
}
Event: 352.245 GC heap after
{Heap after GC invocations=252 (full 0):
 garbage-first heap   total 509952K, used 231896K [0x0000000080000000, 0x0000000100000000)
  region size 1024K, 3 young (3072K), 3 survivors (3072K)
 Metaspace       used 159839K, capacity 164377K, committed 164644K, reserved 1193984K
  class space    used 19394K, capacity 21032K, committed 21120K, reserved 1048576K
}
Event: 352.825 GC heap before
{Heap before GC invocations=252 (full 0):
 garbage-first heap   total 509952K, used 405976K [0x0000000080000000, 0x0000000100000000)
  region size 1024K, 173 young (177152K), 3 survivors (3072K)
 Metaspace       used 159917K, capacity 164452K, committed 164644K, reserved 1193984K
  class space    used 19395K, capacity 21033K, committed 21120K, reserved 1048576K
}
Event: 352.834 GC heap after
{Heap after GC invocations=253 (full 0):
 garbage-first heap   total 509952K, used 231227K [0x0000000080000000, 0x0000000100000000)
  region size 1024K, 2 young (2048K), 2 survivors (2048K)
 Metaspace       used 159917K, capacity 164452K, committed 164644K, reserved 1193984K
  class space    used 19395K, capacity 21033K, committed 21120K, reserved 1048576K
}
Event: 353.469 GC heap before
{Heap before GC invocations=253 (full 0):
 garbage-first heap   total 509952K, used 421691K [0x0000000080000000, 0x0000000100000000)
  region size 1024K, 186 young (190464K), 2 survivors (2048K)
 Metaspace       used 159964K, capacity 164461K, committed 164644K, reserved 1193984K
  class space    used 19398K, capacity 21034K, committed 21120K, reserved 1048576K
}
Event: 353.489 GC heap after
{Heap after GC invocations=254 (full 0):
 garbage-first heap   total 509952K, used 245739K [0x0000000080000000, 0x0000000100000000)
  region size 1024K, 16 young (16384K), 16 survivors (16384K)
 Metaspace       used 159964K, capacity 164461K, committed 164644K, reserved 1193984K
  class space    used 19398K, capacity 21034K, committed 21120K, reserved 1048576K
}
Event: 353.845 GC heap before
{Heap before GC invocations=254 (full 0):
 garbage-first heap   total 509952K, used 415723K [0x0000000080000000, 0x0000000100000000)
  region size 1024K, 183 young (187392K), 16 survivors (16384K)
 Metaspace       used 159979K, capacity 164527K, committed 164644K, reserved 1193984K
  class space    used 19399K, capacity 21034K, committed 21120K, reserved 1048576K
}
Event: 353.948 GC heap after
{Heap after GC invocations=255 (full 0):
 garbage-first heap   total 509952K, used 265216K [0x0000000080000000, 0x0000000100000000)
  region size 1024K, 23 young (23552K), 23 survivors (23552K)
 Metaspace       used 159979K, capacity 164527K, committed 164644K, reserved 1193984K
  class space    used 19399K, capacity 21034K, committed 21120K, reserved 1048576K
}
Event: 354.463 GC heap before
{Heap before GC invocations=255 (full 0):
 garbage-first heap   total 509952K, used 414720K [0x0000000080000000, 0x0000000100000000)
  region size 1024K, 169 young (173056K), 23 survivors (23552K)
 Metaspace       used 159988K, capacity 164529K, committed 164644K, reserved 1193984K
  class space    used 19399K, capacity 21034K, committed 21120K, reserved 1048576K
}
Event: 354.506 GC heap after
{Heap after GC invocations=256 (full 0):
 garbage-first heap   total 509952K, used 274292K [0x0000000080000000, 0x0000000100000000)
  region size 1024K, 10 young (10240K), 10 survivors (10240K)
 Metaspace       used 159988K, capacity 164529K, committed 164644K, reserved 1193984K
  class space    used 19399K, capacity 21034K, committed 21120K, reserved 1048576K
}
Event: 355.780 GC heap before
{Heap before GC invocations=256 (full 0):
 garbage-first heap   total 509952K, used 419700K [0x0000000080000000, 0x0000000100000000)
  region size 1024K, 152 young (155648K), 10 survivors (10240K)
 Metaspace       used 160007K, capacity 164530K, committed 164644K, reserved 1193984K
  class space    used 19399K, capacity 21034K, committed 21120K, reserved 1048576K
}
Event: 356.804 GC heap after
{Heap after GC invocations=257 (full 0):
 garbage-first heap   total 509952K, used 282996K [0x0000000080000000, 0x0000000100000000)
  region size 1024K, 19 young (19456K), 19 survivors (19456K)
 Metaspace       used 160007K, capacity 164530K, committed 164644K, reserved 1193984K
  class space    used 19399K, capacity 21034K, committed 21120K, reserved 1048576K
}
Event: 357.798 GC heap before
{Heap before GC invocations=257 (full 0):
 garbage-first heap   total 509952K, used 422260K [0x0000000080000000, 0x0000000100000000)
  region size 1024K, 155 young (158720K), 19 survivors (19456K)
 Metaspace       used 160025K, capacity 164539K, committed 164644K, reserved 1193984K
  class space    used 19401K, capacity 21037K, committed 21120K, reserved 1048576K
}

